Determining if the pthread_create exist failed with the following output:
Change Dir: /home/tranthanh/cafebot_ws/build/CMakeFiles/CMakeTmp

Run Build Command:"/usr/bin/make" "cmTC_74f6a/fast"
/usr/bin/make -f CMakeFiles/cmTC_74f6a.dir/build.make CMakeFiles/cmTC_74f6a.dir/build
make[1]: Entering directory '/home/tranthanh/cafebot_ws/build/CMakeFiles/CMakeTmp'
Building C object CMakeFiles/cmTC_74f6a.dir/CheckSymbolExists.c.o
/usr/bin/cc     -o CMakeFiles/cmTC_74f6a.dir/CheckSymbolExists.c.o   -c /home/tranthanh/cafebot_ws/build/CMakeFiles/CMakeTmp/CheckSymbolExists.c
Linking C executable cmTC_74f6a
/usr/bin/cmake -E cmake_link_script CMakeFiles/cmTC_74f6a.dir/link.txt --verbose=1
/usr/bin/cc       CMakeFiles/cmTC_74f6a.dir/CheckSymbolExists.c.o  -o cmTC_74f6a -rdynamic 
CMakeFiles/cmTC_74f6a.dir/CheckSymbolExists.c.o: In function `main':
CheckSymbolExists.c:(.text+0x16): undefined reference to `pthread_create'
collect2: error: ld returned 1 exit status
CMakeFiles/cmTC_74f6a.dir/build.make:97: recipe for target 'cmTC_74f6a' failed
make[1]: *** [cmTC_74f6a] Error 1
make[1]: Leaving directory '/home/tranthanh/cafebot_ws/build/CMakeFiles/CMakeTmp'
Makefile:126: recipe for target 'cmTC_74f6a/fast' failed
make: *** [cmTC_74f6a/fast] Error 2

File /home/tranthanh/cafebot_ws/build/CMakeFiles/CMakeTmp/CheckSymbolExists.c:
/* */
#include <pthread.h>

int main(int argc, char** argv)
{
  (void)argv;
#ifndef pthread_create
  return ((int*)(&pthread_create))[argc];
#else
  (void)argc;
  return 0;
#endif
}

Determining if the function pthread_create exists in the pthreads failed with the following output:
Change Dir: /home/tranthanh/cafebot_ws/build/CMakeFiles/CMakeTmp

Run Build Command:"/usr/bin/make" "cmTC_b6c82/fast"
/usr/bin/make -f CMakeFiles/cmTC_b6c82.dir/build.make CMakeFiles/cmTC_b6c82.dir/build
make[1]: Entering directory '/home/tranthanh/cafebot_ws/build/CMakeFiles/CMakeTmp'
Building C object CMakeFiles/cmTC_b6c82.dir/CheckFunctionExists.c.o
/usr/bin/cc    -DCHECK_FUNCTION_EXISTS=pthread_create   -o CMakeFiles/cmTC_b6c82.dir/CheckFunctionExists.c.o   -c /usr/share/cmake-3.5/Modules/CheckFunctionExists.c
Linking C executable cmTC_b6c82
/usr/bin/cmake -E cmake_link_script CMakeFiles/cmTC_b6c82.dir/link.txt --verbose=1
/usr/bin/cc   -DCHECK_FUNCTION_EXISTS=pthread_create    CMakeFiles/cmTC_b6c82.dir/CheckFunctionExists.c.o  -o cmTC_b6c82 -rdynamic -lpthreads 
/usr/bin/ld: cannot find -lpthreads
collect2: error: ld returned 1 exit status
CMakeFiles/cmTC_b6c82.dir/build.make:97: recipe for target 'cmTC_b6c82' failed
make[1]: *** [cmTC_b6c82] Error 1
make[1]: Leaving directory '/home/tranthanh/cafebot_ws/build/CMakeFiles/CMakeTmp'
Makefile:126: recipe for target 'cmTC_b6c82/fast' failed
make: *** [cmTC_b6c82/fast] Error 2


Determining if the include file pgm.h exists failed with the following output:
Change Dir: /home/tranthanh/cafebot_ws/build/CMakeFiles/CMakeTmp

Run Build Command:"/usr/bin/make" "cmTC_7a399/fast"
/usr/bin/make -f CMakeFiles/cmTC_7a399.dir/build.make CMakeFiles/cmTC_7a399.dir/build
make[1]: Entering directory '/home/tranthanh/cafebot_ws/build/CMakeFiles/CMakeTmp'
Building CXX object CMakeFiles/cmTC_7a399.dir/CheckIncludeFile.cxx.o
/usr/bin/c++      -o CMakeFiles/cmTC_7a399.dir/CheckIncludeFile.cxx.o -c /home/tranthanh/cafebot_ws/build/CMakeFiles/CMakeTmp/CheckIncludeFile.cxx
/home/tranthanh/cafebot_ws/build/CMakeFiles/CMakeTmp/CheckIncludeFile.cxx:1:17: fatal error: pgm.h: No such file or directory
compilation terminated.
CMakeFiles/cmTC_7a399.dir/build.make:65: recipe for target 'CMakeFiles/cmTC_7a399.dir/CheckIncludeFile.cxx.o' failed
make[1]: *** [CMakeFiles/cmTC_7a399.dir/CheckIncludeFile.cxx.o] Error 1
make[1]: Leaving directory '/home/tranthanh/cafebot_ws/build/CMakeFiles/CMakeTmp'
Makefile:126: recipe for target 'cmTC_7a399/fast' failed
make: *** [cmTC_7a399/fast] Error 2


